2025-04-13 21:15:28,201 - __main__ - INFO - Loaded topics: ['Niyam Palan', 'tirthanand']
2025-04-13 21:15:28,809 - httpx - INFO - HTTP Request: POST https://api.telegram.org/bot8150312341:AAGUUmmVqFkszQdPejSNnC-3wqgN_erz1U0/getMe "HTTP/1.1 200 OK"
2025-04-13 21:15:28,924 - httpx - INFO - HTTP Request: POST https://api.telegram.org/bot8150312341:AAGUUmmVqFkszQdPejSNnC-3wqgN_erz1U0/deleteWebhook "HTTP/1.1 200 OK"
2025-04-13 21:15:28,926 - telegram.ext.Application - INFO - Application started
2025-04-13 21:15:39,280 - httpx - INFO - HTTP Request: POST https://api.telegram.org/bot8150312341:AAGUUmmVqFkszQdPejSNnC-3wqgN_erz1U0/getUpdates "HTTP/1.1 200 OK"
2025-04-13 21:15:49,435 - httpx - INFO - HTTP Request: POST https://api.telegram.org/bot8150312341:AAGUUmmVqFkszQdPejSNnC-3wqgN_erz1U0/getUpdates "HTTP/1.1 200 OK"
2025-04-13 21:15:55,377 - __main__ - INFO - Loaded topics from file: ['Niyam Palan', 'tirthanand']
2025-04-13 21:15:55,377 - __main__ - INFO - Loaded topics: ['Niyam Palan', 'tirthanand']
2025-04-13 21:15:55,880 - httpx - INFO - HTTP Request: POST https://api.telegram.org/bot8150312341:AAGUUmmVqFkszQdPejSNnC-3wqgN_erz1U0/getMe "HTTP/1.1 200 OK"
2025-04-13 21:15:55,990 - httpx - INFO - HTTP Request: POST https://api.telegram.org/bot8150312341:AAGUUmmVqFkszQdPejSNnC-3wqgN_erz1U0/deleteWebhook "HTTP/1.1 200 OK"
2025-04-13 21:15:55,991 - telegram.ext.Application - INFO - Application started
2025-04-13 21:16:06,352 - httpx - INFO - HTTP Request: POST https://api.telegram.org/bot8150312341:AAGUUmmVqFkszQdPejSNnC-3wqgN_erz1U0/getUpdates "HTTP/1.1 200 OK"
2025-04-13 21:16:16,487 - httpx - INFO - HTTP Request: POST https://api.telegram.org/bot8150312341:AAGUUmmVqFkszQdPejSNnC-3wqgN_erz1U0/getUpdates "HTTP/1.1 200 OK"
2025-04-13 21:16:26,613 - httpx - INFO - HTTP Request: POST https://api.telegram.org/bot8150312341:AAGUUmmVqFkszQdPejSNnC-3wqgN_erz1U0/getUpdates "HTTP/1.1 200 OK"
2025-04-13 21:16:36,735 - httpx - INFO - HTTP Request: POST https://api.telegram.org/bot8150312341:AAGUUmmVqFkszQdPejSNnC-3wqgN_erz1U0/getUpdates "HTTP/1.1 200 OK"
2025-04-13 21:16:46,870 - httpx - INFO - HTTP Request: POST https://api.telegram.org/bot8150312341:AAGUUmmVqFkszQdPejSNnC-3wqgN_erz1U0/getUpdates "HTTP/1.1 200 OK"
2025-04-13 21:24:01,580 - __main__ - INFO - Loaded topics from file: ['Mahima', 'Prapti', 'Raajipo', 'Divyabhav', 'Seva', 'Swabhavs', 'Ego/Maan', 'Niyam Palan', 'Gnan', 'Dasbhav']
2025-04-13 21:24:01,580 - __main__ - INFO - Loaded topics: ['Mahima', 'Prapti', 'Raajipo', 'Divyabhav', 'Seva', 'Swabhavs', 'Ego/Maan', 'Niyam Palan', 'Gnan', 'Dasbhav']
2025-04-13 21:24:02,287 - httpx - INFO - HTTP Request: POST https://api.telegram.org/bot8150312341:AAGUUmmVqFkszQdPejSNnC-3wqgN_erz1U0/getMe "HTTP/1.1 200 OK"
2025-04-13 21:24:02,405 - httpx - INFO - HTTP Request: POST https://api.telegram.org/bot8150312341:AAGUUmmVqFkszQdPejSNnC-3wqgN_erz1U0/deleteWebhook "HTTP/1.1 200 OK"
2025-04-13 21:24:02,407 - telegram.ext.Application - INFO - Application started
2025-04-13 21:24:02,815 - httpx - INFO - HTTP Request: POST https://api.telegram.org/bot8150312341:AAGUUmmVqFkszQdPejSNnC-3wqgN_erz1U0/getUpdates "HTTP/1.1 200 OK"
2025-04-13 21:24:03,100 - httpx - INFO - HTTP Request: POST https://api.telegram.org/bot8150312341:AAGUUmmVqFkszQdPejSNnC-3wqgN_erz1U0/sendMessage "HTTP/1.1 200 OK"
2025-04-13 21:24:09,226 - httpx - INFO - HTTP Request: POST https://api.telegram.org/bot8150312341:AAGUUmmVqFkszQdPejSNnC-3wqgN_erz1U0/getUpdates "HTTP/1.1 200 OK"
2025-04-13 21:24:19,371 - httpx - INFO - HTTP Request: POST https://api.telegram.org/bot8150312341:AAGUUmmVqFkszQdPejSNnC-3wqgN_erz1U0/getUpdates "HTTP/1.1 200 OK"
2025-04-13 21:24:23,892 - httpx - INFO - HTTP Request: POST https://api.telegram.org/bot8150312341:AAGUUmmVqFkszQdPejSNnC-3wqgN_erz1U0/getUpdates "HTTP/1.1 200 OK"
2025-04-13 21:24:30,702 - httpx - INFO - HTTP Request: POST https://api.telegram.org/bot8150312341:AAGUUmmVqFkszQdPejSNnC-3wqgN_erz1U0/getUpdates "HTTP/1.1 200 OK"
2025-04-13 21:24:31,136 - httpx - INFO - HTTP Request: POST https://api.telegram.org/bot8150312341:AAGUUmmVqFkszQdPejSNnC-3wqgN_erz1U0/getFile "HTTP/1.1 200 OK"
2025-04-13 21:24:31,359 - httpx - INFO - HTTP Request: GET https://api.telegram.org/file/bot8150312341%3AAAGUUmmVqFkszQdPejSNnC-3wqgN_erz1U0/photos/file_0.jpg "HTTP/1.1 200 OK"
2025-04-13 21:24:32,396 - httpx - INFO - HTTP Request: POST https://api.telegram.org/bot8150312341:AAGUUmmVqFkszQdPejSNnC-3wqgN_erz1U0/sendMessage "HTTP/1.1 200 OK"
2025-04-13 21:24:32,659 - httpx - INFO - HTTP Request: POST https://api.telegram.org/bot8150312341:AAGUUmmVqFkszQdPejSNnC-3wqgN_erz1U0/sendMessage "HTTP/1.1 200 OK"
2025-04-13 21:24:36,336 - httpx - INFO - HTTP Request: POST https://api.telegram.org/bot8150312341:AAGUUmmVqFkszQdPejSNnC-3wqgN_erz1U0/getUpdates "HTTP/1.1 200 OK"
2025-04-13 21:24:36,578 - httpx - INFO - HTTP Request: POST https://api.telegram.org/bot8150312341:AAGUUmmVqFkszQdPejSNnC-3wqgN_erz1U0/sendMessage "HTTP/1.1 200 OK"
2025-04-13 21:24:38,906 - httpx - INFO - HTTP Request: POST https://api.telegram.org/bot8150312341:AAGUUmmVqFkszQdPejSNnC-3wqgN_erz1U0/getUpdates "HTTP/1.1 200 OK"
2025-04-13 21:24:39,196 - httpx - INFO - HTTP Request: POST https://api.telegram.org/bot8150312341:AAGUUmmVqFkszQdPejSNnC-3wqgN_erz1U0/sendMessage "HTTP/1.1 200 OK"
2025-04-13 21:24:42,307 - httpx - INFO - HTTP Request: POST https://api.telegram.org/bot8150312341:AAGUUmmVqFkszQdPejSNnC-3wqgN_erz1U0/getUpdates "HTTP/1.1 200 OK"
2025-04-13 21:24:42,773 - httpx - INFO - HTTP Request: POST https://api.telegram.org/bot8150312341:AAGUUmmVqFkszQdPejSNnC-3wqgN_erz1U0/sendMessage "HTTP/1.1 200 OK"
2025-04-13 21:24:43,066 - httpx - INFO - HTTP Request: POST https://api.telegram.org/bot8150312341:AAGUUmmVqFkszQdPejSNnC-3wqgN_erz1U0/sendMessage "HTTP/1.1 200 OK"
2025-04-13 21:24:45,222 - httpx - INFO - HTTP Request: POST https://api.telegram.org/bot8150312341:AAGUUmmVqFkszQdPejSNnC-3wqgN_erz1U0/getUpdates "HTTP/1.1 200 OK"
2025-04-13 21:24:45,456 - httpx - INFO - HTTP Request: POST https://api.telegram.org/bot8150312341:AAGUUmmVqFkszQdPejSNnC-3wqgN_erz1U0/sendMessage "HTTP/1.1 200 OK"
2025-04-13 21:24:50,745 - httpx - INFO - HTTP Request: POST https://api.telegram.org/bot8150312341:AAGUUmmVqFkszQdPejSNnC-3wqgN_erz1U0/getUpdates "HTTP/1.1 200 OK"
2025-04-13 21:24:51,176 - httpx - INFO - HTTP Request: POST https://api.telegram.org/bot8150312341:AAGUUmmVqFkszQdPejSNnC-3wqgN_erz1U0/getFile "HTTP/1.1 200 OK"
2025-04-13 21:24:51,468 - httpx - INFO - HTTP Request: GET https://api.telegram.org/file/bot8150312341%3AAAGUUmmVqFkszQdPejSNnC-3wqgN_erz1U0/photos/file_0.jpg "HTTP/1.1 200 OK"
2025-04-13 21:24:52,392 - httpx - INFO - HTTP Request: POST https://api.telegram.org/bot8150312341:AAGUUmmVqFkszQdPejSNnC-3wqgN_erz1U0/sendMessage "HTTP/1.1 200 OK"
2025-04-13 21:24:52,631 - httpx - INFO - HTTP Request: POST https://api.telegram.org/bot8150312341:AAGUUmmVqFkszQdPejSNnC-3wqgN_erz1U0/sendMessage "HTTP/1.1 200 OK"
2025-04-13 21:24:56,051 - httpx - INFO - HTTP Request: POST https://api.telegram.org/bot8150312341:AAGUUmmVqFkszQdPejSNnC-3wqgN_erz1U0/getUpdates "HTTP/1.1 200 OK"
2025-04-13 21:24:56,316 - httpx - INFO - HTTP Request: POST https://api.telegram.org/bot8150312341:AAGUUmmVqFkszQdPejSNnC-3wqgN_erz1U0/sendMessage "HTTP/1.1 200 OK"
2025-04-13 21:24:57,902 - httpx - INFO - HTTP Request: POST https://api.telegram.org/bot8150312341:AAGUUmmVqFkszQdPejSNnC-3wqgN_erz1U0/getUpdates "HTTP/1.1 200 OK"
2025-04-13 21:24:58,145 - httpx - INFO - HTTP Request: POST https://api.telegram.org/bot8150312341:AAGUUmmVqFkszQdPejSNnC-3wqgN_erz1U0/sendMessage "HTTP/1.1 200 OK"
2025-04-13 21:25:00,181 - httpx - INFO - HTTP Request: POST https://api.telegram.org/bot8150312341:AAGUUmmVqFkszQdPejSNnC-3wqgN_erz1U0/getUpdates "HTTP/1.1 200 OK"
2025-04-13 21:25:00,420 - httpx - INFO - HTTP Request: POST https://api.telegram.org/bot8150312341:AAGUUmmVqFkszQdPejSNnC-3wqgN_erz1U0/sendMessage "HTTP/1.1 200 OK"
2025-04-13 21:25:10,388 - httpx - INFO - HTTP Request: POST https://api.telegram.org/bot8150312341:AAGUUmmVqFkszQdPejSNnC-3wqgN_erz1U0/getUpdates "HTTP/1.1 200 OK"
2025-04-13 21:25:10,624 - httpx - INFO - HTTP Request: POST https://api.telegram.org/bot8150312341:AAGUUmmVqFkszQdPejSNnC-3wqgN_erz1U0/getUpdates "HTTP/1.1 200 OK"
2025-04-13 21:25:10,627 - __main__ - INFO - Saved topics: ['Mahima', 'Prapti', 'Raajipo', 'Divyabhav', 'Seva', 'Swabhavs', 'Ego/Maan', 'Niyam Palan', 'Gnan', 'Dasbhav', 'tirthanand']
2025-04-13 21:25:11,111 - httpx - INFO - HTTP Request: POST https://api.telegram.org/bot8150312341:AAGUUmmVqFkszQdPejSNnC-3wqgN_erz1U0/sendMessage "HTTP/1.1 200 OK"
2025-04-13 21:25:11,388 - httpx - INFO - HTTP Request: POST https://api.telegram.org/bot8150312341:AAGUUmmVqFkszQdPejSNnC-3wqgN_erz1U0/sendMessage "HTTP/1.1 200 OK"
2025-04-13 21:25:11,644 - httpx - INFO - HTTP Request: POST https://api.telegram.org/bot8150312341:AAGUUmmVqFkszQdPejSNnC-3wqgN_erz1U0/sendMessage "HTTP/1.1 200 OK"
2025-04-13 21:25:16,119 - httpx - INFO - HTTP Request: POST https://api.telegram.org/bot8150312341:AAGUUmmVqFkszQdPejSNnC-3wqgN_erz1U0/getUpdates "HTTP/1.1 200 OK"
2025-04-13 21:25:16,357 - httpx - INFO - HTTP Request: POST https://api.telegram.org/bot8150312341:AAGUUmmVqFkszQdPejSNnC-3wqgN_erz1U0/sendMessage "HTTP/1.1 200 OK"
2025-04-13 21:25:21,797 - httpx - INFO - HTTP Request: POST https://api.telegram.org/bot8150312341:AAGUUmmVqFkszQdPejSNnC-3wqgN_erz1U0/getUpdates "HTTP/1.1 200 OK"
2025-04-13 21:25:22,144 - httpx - INFO - HTTP Request: POST https://api.telegram.org/bot8150312341:AAGUUmmVqFkszQdPejSNnC-3wqgN_erz1U0/getFile "HTTP/1.1 200 OK"
2025-04-13 21:25:22,380 - httpx - INFO - HTTP Request: GET https://api.telegram.org/file/bot8150312341%3AAAGUUmmVqFkszQdPejSNnC-3wqgN_erz1U0/photos/file_0.jpg "HTTP/1.1 200 OK"
2025-04-13 21:25:23,302 - httpx - INFO - HTTP Request: POST https://api.telegram.org/bot8150312341:AAGUUmmVqFkszQdPejSNnC-3wqgN_erz1U0/sendMessage "HTTP/1.1 200 OK"
2025-04-13 21:25:23,545 - httpx - INFO - HTTP Request: POST https://api.telegram.org/bot8150312341:AAGUUmmVqFkszQdPejSNnC-3wqgN_erz1U0/sendMessage "HTTP/1.1 200 OK"
2025-04-13 21:25:31,923 - httpx - INFO - HTTP Request: POST https://api.telegram.org/bot8150312341:AAGUUmmVqFkszQdPejSNnC-3wqgN_erz1U0/getUpdates "HTTP/1.1 200 OK"
2025-04-13 21:25:38,288 - httpx - INFO - HTTP Request: POST https://api.telegram.org/bot8150312341:AAGUUmmVqFkszQdPejSNnC-3wqgN_erz1U0/getUpdates "HTTP/1.1 200 OK"
2025-04-13 21:25:38,805 - httpx - INFO - HTTP Request: POST https://api.telegram.org/bot8150312341:AAGUUmmVqFkszQdPejSNnC-3wqgN_erz1U0/sendMessage "HTTP/1.1 200 OK"
2025-04-13 21:25:43,285 - httpx - INFO - HTTP Request: POST https://api.telegram.org/bot8150312341:AAGUUmmVqFkszQdPejSNnC-3wqgN_erz1U0/getUpdates "HTTP/1.1 200 OK"
2025-04-13 21:25:43,561 - httpx - INFO - HTTP Request: POST https://api.telegram.org/bot8150312341:AAGUUmmVqFkszQdPejSNnC-3wqgN_erz1U0/sendMessage "HTTP/1.1 200 OK"
2025-04-13 21:25:45,669 - httpx - INFO - HTTP Request: POST https://api.telegram.org/bot8150312341:AAGUUmmVqFkszQdPejSNnC-3wqgN_erz1U0/getUpdates "HTTP/1.1 200 OK"
2025-04-13 21:25:45,899 - httpx - INFO - HTTP Request: POST https://api.telegram.org/bot8150312341:AAGUUmmVqFkszQdPejSNnC-3wqgN_erz1U0/sendMessage "HTTP/1.1 200 OK"
2025-04-13 21:25:46,171 - httpx - INFO - HTTP Request: POST https://api.telegram.org/bot8150312341:AAGUUmmVqFkszQdPejSNnC-3wqgN_erz1U0/sendMessage "HTTP/1.1 200 OK"
2025-04-13 21:25:55,850 - httpx - INFO - HTTP Request: POST https://api.telegram.org/bot8150312341:AAGUUmmVqFkszQdPejSNnC-3wqgN_erz1U0/getUpdates "HTTP/1.1 200 OK"
2025-04-13 21:26:05,972 - httpx - INFO - HTTP Request: POST https://api.telegram.org/bot8150312341:AAGUUmmVqFkszQdPejSNnC-3wqgN_erz1U0/getUpdates "HTTP/1.1 200 OK"
2025-04-13 21:26:16,125 - httpx - INFO - HTTP Request: POST https://api.telegram.org/bot8150312341:AAGUUmmVqFkszQdPejSNnC-3wqgN_erz1U0/getUpdates "HTTP/1.1 200 OK"
2025-04-13 21:26:26,572 - httpx - INFO - HTTP Request: POST https://api.telegram.org/bot8150312341:AAGUUmmVqFkszQdPejSNnC-3wqgN_erz1U0/getUpdates "HTTP/1.1 200 OK"
2025-04-13 21:26:36,707 - httpx - INFO - HTTP Request: POST https://api.telegram.org/bot8150312341:AAGUUmmVqFkszQdPejSNnC-3wqgN_erz1U0/getUpdates "HTTP/1.1 200 OK"
2025-04-13 21:26:46,825 - httpx - INFO - HTTP Request: POST https://api.telegram.org/bot8150312341:AAGUUmmVqFkszQdPejSNnC-3wqgN_erz1U0/getUpdates "HTTP/1.1 200 OK"
2025-04-13 21:26:56,947 - httpx - INFO - HTTP Request: POST https://api.telegram.org/bot8150312341:AAGUUmmVqFkszQdPejSNnC-3wqgN_erz1U0/getUpdates "HTTP/1.1 200 OK"
2025-04-13 21:27:07,263 - httpx - INFO - HTTP Request: POST https://api.telegram.org/bot8150312341:AAGUUmmVqFkszQdPejSNnC-3wqgN_erz1U0/getUpdates "HTTP/1.1 200 OK"
2025-04-13 21:27:17,392 - httpx - INFO - HTTP Request: POST https://api.telegram.org/bot8150312341:AAGUUmmVqFkszQdPejSNnC-3wqgN_erz1U0/getUpdates "HTTP/1.1 200 OK"
2025-04-13 21:27:27,614 - httpx - INFO - HTTP Request: POST https://api.telegram.org/bot8150312341:AAGUUmmVqFkszQdPejSNnC-3wqgN_erz1U0/getUpdates "HTTP/1.1 200 OK"
2025-04-13 21:27:37,841 - httpx - INFO - HTTP Request: POST https://api.telegram.org/bot8150312341:AAGUUmmVqFkszQdPejSNnC-3wqgN_erz1U0/getUpdates "HTTP/1.1 200 OK"
2025-04-13 21:27:48,171 - httpx - INFO - HTTP Request: POST https://api.telegram.org/bot8150312341:AAGUUmmVqFkszQdPejSNnC-3wqgN_erz1U0/getUpdates "HTTP/1.1 200 OK"
2025-04-13 21:27:58,322 - httpx - INFO - HTTP Request: POST https://api.telegram.org/bot8150312341:AAGUUmmVqFkszQdPejSNnC-3wqgN_erz1U0/getUpdates "HTTP/1.1 200 OK"
2025-04-13 21:28:08,768 - httpx - INFO - HTTP Request: POST https://api.telegram.org/bot8150312341:AAGUUmmVqFkszQdPejSNnC-3wqgN_erz1U0/getUpdates "HTTP/1.1 200 OK"
2025-04-13 21:28:19,003 - httpx - INFO - HTTP Request: POST https://api.telegram.org/bot8150312341:AAGUUmmVqFkszQdPejSNnC-3wqgN_erz1U0/getUpdates "HTTP/1.1 200 OK"
2025-04-13 21:28:29,246 - httpx - INFO - HTTP Request: POST https://api.telegram.org/bot8150312341:AAGUUmmVqFkszQdPejSNnC-3wqgN_erz1U0/getUpdates "HTTP/1.1 200 OK"
2025-04-13 21:28:39,544 - httpx - INFO - HTTP Request: POST https://api.telegram.org/bot8150312341:AAGUUmmVqFkszQdPejSNnC-3wqgN_erz1U0/getUpdates "HTTP/1.1 200 OK"
2025-04-13 21:28:49,677 - httpx - INFO - HTTP Request: POST https://api.telegram.org/bot8150312341:AAGUUmmVqFkszQdPejSNnC-3wqgN_erz1U0/getUpdates "HTTP/1.1 200 OK"
2025-04-13 21:28:59,810 - httpx - INFO - HTTP Request: POST https://api.telegram.org/bot8150312341:AAGUUmmVqFkszQdPejSNnC-3wqgN_erz1U0/getUpdates "HTTP/1.1 200 OK"
2025-04-13 21:29:10,004 - httpx - INFO - HTTP Request: POST https://api.telegram.org/bot8150312341:AAGUUmmVqFkszQdPejSNnC-3wqgN_erz1U0/getUpdates "HTTP/1.1 200 OK"
2025-04-13 21:29:20,140 - httpx - INFO - HTTP Request: POST https://api.telegram.org/bot8150312341:AAGUUmmVqFkszQdPejSNnC-3wqgN_erz1U0/getUpdates "HTTP/1.1 200 OK"
2025-04-13 21:29:30,482 - httpx - INFO - HTTP Request: POST https://api.telegram.org/bot8150312341:AAGUUmmVqFkszQdPejSNnC-3wqgN_erz1U0/getUpdates "HTTP/1.1 200 OK"
2025-04-13 21:29:40,608 - httpx - INFO - HTTP Request: POST https://api.telegram.org/bot8150312341:AAGUUmmVqFkszQdPejSNnC-3wqgN_erz1U0/getUpdates "HTTP/1.1 200 OK"
2025-04-13 21:29:50,760 - httpx - INFO - HTTP Request: POST https://api.telegram.org/bot8150312341:AAGUUmmVqFkszQdPejSNnC-3wqgN_erz1U0/getUpdates "HTTP/1.1 200 OK"
2025-04-13 21:30:00,999 - httpx - INFO - HTTP Request: POST https://api.telegram.org/bot8150312341:AAGUUmmVqFkszQdPejSNnC-3wqgN_erz1U0/getUpdates "HTTP/1.1 200 OK"
2025-04-13 21:30:11,128 - httpx - INFO - HTTP Request: POST https://api.telegram.org/bot8150312341:AAGUUmmVqFkszQdPejSNnC-3wqgN_erz1U0/getUpdates "HTTP/1.1 200 OK"
2025-04-13 21:30:21,264 - httpx - INFO - HTTP Request: POST https://api.telegram.org/bot8150312341:AAGUUmmVqFkszQdPejSNnC-3wqgN_erz1U0/getUpdates "HTTP/1.1 200 OK"
2025-04-13 21:30:31,389 - httpx - INFO - HTTP Request: POST https://api.telegram.org/bot8150312341:AAGUUmmVqFkszQdPejSNnC-3wqgN_erz1U0/getUpdates "HTTP/1.1 200 OK"
2025-04-13 21:30:41,519 - httpx - INFO - HTTP Request: POST https://api.telegram.org/bot8150312341:AAGUUmmVqFkszQdPejSNnC-3wqgN_erz1U0/getUpdates "HTTP/1.1 200 OK"
2025-04-13 21:30:51,785 - httpx - INFO - HTTP Request: POST https://api.telegram.org/bot8150312341:AAGUUmmVqFkszQdPejSNnC-3wqgN_erz1U0/getUpdates "HTTP/1.1 200 OK"
2025-04-13 21:31:02,025 - httpx - INFO - HTTP Request: POST https://api.telegram.org/bot8150312341:AAGUUmmVqFkszQdPejSNnC-3wqgN_erz1U0/getUpdates "HTTP/1.1 200 OK"
2025-04-13 21:31:12,271 - httpx - INFO - HTTP Request: POST https://api.telegram.org/bot8150312341:AAGUUmmVqFkszQdPejSNnC-3wqgN_erz1U0/getUpdates "HTTP/1.1 200 OK"
2025-04-13 21:31:22,399 - httpx - INFO - HTTP Request: POST https://api.telegram.org/bot8150312341:AAGUUmmVqFkszQdPejSNnC-3wqgN_erz1U0/getUpdates "HTTP/1.1 200 OK"
2025-04-13 21:31:32,532 - httpx - INFO - HTTP Request: POST https://api.telegram.org/bot8150312341:AAGUUmmVqFkszQdPejSNnC-3wqgN_erz1U0/getUpdates "HTTP/1.1 200 OK"
2025-04-13 21:31:42,660 - httpx - INFO - HTTP Request: POST https://api.telegram.org/bot8150312341:AAGUUmmVqFkszQdPejSNnC-3wqgN_erz1U0/getUpdates "HTTP/1.1 200 OK"
2025-04-13 21:31:52,793 - httpx - INFO - HTTP Request: POST https://api.telegram.org/bot8150312341:AAGUUmmVqFkszQdPejSNnC-3wqgN_erz1U0/getUpdates "HTTP/1.1 200 OK"
2025-04-13 21:32:02,917 - httpx - INFO - HTTP Request: POST https://api.telegram.org/bot8150312341:AAGUUmmVqFkszQdPejSNnC-3wqgN_erz1U0/getUpdates "HTTP/1.1 200 OK"
2025-04-13 21:32:13,100 - httpx - INFO - HTTP Request: POST https://api.telegram.org/bot8150312341:AAGUUmmVqFkszQdPejSNnC-3wqgN_erz1U0/getUpdates "HTTP/1.1 200 OK"
2025-04-13 21:32:23,228 - httpx - INFO - HTTP Request: POST https://api.telegram.org/bot8150312341:AAGUUmmVqFkszQdPejSNnC-3wqgN_erz1U0/getUpdates "HTTP/1.1 200 OK"
2025-04-13 21:32:33,362 - httpx - INFO - HTTP Request: POST https://api.telegram.org/bot8150312341:AAGUUmmVqFkszQdPejSNnC-3wqgN_erz1U0/getUpdates "HTTP/1.1 200 OK"
2025-04-13 21:32:43,612 - httpx - INFO - HTTP Request: POST https://api.telegram.org/bot8150312341:AAGUUmmVqFkszQdPejSNnC-3wqgN_erz1U0/getUpdates "HTTP/1.1 200 OK"
2025-04-13 21:32:53,760 - httpx - INFO - HTTP Request: POST https://api.telegram.org/bot8150312341:AAGUUmmVqFkszQdPejSNnC-3wqgN_erz1U0/getUpdates "HTTP/1.1 200 OK"
2025-04-13 21:33:03,894 - httpx - INFO - HTTP Request: POST https://api.telegram.org/bot8150312341:AAGUUmmVqFkszQdPejSNnC-3wqgN_erz1U0/getUpdates "HTTP/1.1 200 OK"
2025-04-13 21:33:14,039 - httpx - INFO - HTTP Request: POST https://api.telegram.org/bot8150312341:AAGUUmmVqFkszQdPejSNnC-3wqgN_erz1U0/getUpdates "HTTP/1.1 200 OK"
2025-04-13 21:33:24,166 - httpx - INFO - HTTP Request: POST https://api.telegram.org/bot8150312341:AAGUUmmVqFkszQdPejSNnC-3wqgN_erz1U0/getUpdates "HTTP/1.1 200 OK"
2025-04-13 21:33:34,287 - httpx - INFO - HTTP Request: POST https://api.telegram.org/bot8150312341:AAGUUmmVqFkszQdPejSNnC-3wqgN_erz1U0/getUpdates "HTTP/1.1 200 OK"
2025-04-13 21:33:44,433 - httpx - INFO - HTTP Request: POST https://api.telegram.org/bot8150312341:AAGUUmmVqFkszQdPejSNnC-3wqgN_erz1U0/getUpdates "HTTP/1.1 200 OK"
2025-04-13 21:33:54,560 - httpx - INFO - HTTP Request: POST https://api.telegram.org/bot8150312341:AAGUUmmVqFkszQdPejSNnC-3wqgN_erz1U0/getUpdates "HTTP/1.1 200 OK"
2025-04-13 21:34:04,724 - httpx - INFO - HTTP Request: POST https://api.telegram.org/bot8150312341:AAGUUmmVqFkszQdPejSNnC-3wqgN_erz1U0/getUpdates "HTTP/1.1 200 OK"
2025-04-13 21:34:14,851 - httpx - INFO - HTTP Request: POST https://api.telegram.org/bot8150312341:AAGUUmmVqFkszQdPejSNnC-3wqgN_erz1U0/getUpdates "HTTP/1.1 200 OK"
2025-04-13 21:34:24,979 - httpx - INFO - HTTP Request: POST https://api.telegram.org/bot8150312341:AAGUUmmVqFkszQdPejSNnC-3wqgN_erz1U0/getUpdates "HTTP/1.1 200 OK"
2025-04-13 21:34:35,198 - httpx - INFO - HTTP Request: POST https://api.telegram.org/bot8150312341:AAGUUmmVqFkszQdPejSNnC-3wqgN_erz1U0/getUpdates "HTTP/1.1 200 OK"
2025-04-13 21:34:45,324 - httpx - INFO - HTTP Request: POST https://api.telegram.org/bot8150312341:AAGUUmmVqFkszQdPejSNnC-3wqgN_erz1U0/getUpdates "HTTP/1.1 200 OK"
2025-04-13 21:34:55,451 - httpx - INFO - HTTP Request: POST https://api.telegram.org/bot8150312341:AAGUUmmVqFkszQdPejSNnC-3wqgN_erz1U0/getUpdates "HTTP/1.1 200 OK"
2025-04-13 21:35:05,583 - httpx - INFO - HTTP Request: POST https://api.telegram.org/bot8150312341:AAGUUmmVqFkszQdPejSNnC-3wqgN_erz1U0/getUpdates "HTTP/1.1 200 OK"
2025-04-13 21:35:15,712 - httpx - INFO - HTTP Request: POST https://api.telegram.org/bot8150312341:AAGUUmmVqFkszQdPejSNnC-3wqgN_erz1U0/getUpdates "HTTP/1.1 200 OK"
2025-04-13 21:35:26,016 - httpx - INFO - HTTP Request: POST https://api.telegram.org/bot8150312341:AAGUUmmVqFkszQdPejSNnC-3wqgN_erz1U0/getUpdates "HTTP/1.1 200 OK"
2025-04-13 21:35:36,161 - httpx - INFO - HTTP Request: POST https://api.telegram.org/bot8150312341:AAGUUmmVqFkszQdPejSNnC-3wqgN_erz1U0/getUpdates "HTTP/1.1 200 OK"
2025-04-13 21:35:46,306 - httpx - INFO - HTTP Request: POST https://api.telegram.org/bot8150312341:AAGUUmmVqFkszQdPejSNnC-3wqgN_erz1U0/getUpdates "HTTP/1.1 200 OK"
2025-04-13 21:35:56,507 - httpx - INFO - HTTP Request: POST https://api.telegram.org/bot8150312341:AAGUUmmVqFkszQdPejSNnC-3wqgN_erz1U0/getUpdates "HTTP/1.1 200 OK"
2025-04-13 21:36:06,652 - httpx - INFO - HTTP Request: POST https://api.telegram.org/bot8150312341:AAGUUmmVqFkszQdPejSNnC-3wqgN_erz1U0/getUpdates "HTTP/1.1 200 OK"
2025-04-13 21:36:16,775 - httpx - INFO - HTTP Request: POST https://api.telegram.org/bot8150312341:AAGUUmmVqFkszQdPejSNnC-3wqgN_erz1U0/getUpdates "HTTP/1.1 200 OK"
2025-04-13 21:36:26,906 - httpx - INFO - HTTP Request: POST https://api.telegram.org/bot8150312341:AAGUUmmVqFkszQdPejSNnC-3wqgN_erz1U0/getUpdates "HTTP/1.1 200 OK"
2025-04-13 21:36:37,102 - httpx - INFO - HTTP Request: POST https://api.telegram.org/bot8150312341:AAGUUmmVqFkszQdPejSNnC-3wqgN_erz1U0/getUpdates "HTTP/1.1 200 OK"
2025-04-13 21:36:47,229 - httpx - INFO - HTTP Request: POST https://api.telegram.org/bot8150312341:AAGUUmmVqFkszQdPejSNnC-3wqgN_erz1U0/getUpdates "HTTP/1.1 200 OK"
2025-04-13 21:36:57,361 - httpx - INFO - HTTP Request: POST https://api.telegram.org/bot8150312341:AAGUUmmVqFkszQdPejSNnC-3wqgN_erz1U0/getUpdates "HTTP/1.1 200 OK"
2025-04-13 21:37:07,489 - httpx - INFO - HTTP Request: POST https://api.telegram.org/bot8150312341:AAGUUmmVqFkszQdPejSNnC-3wqgN_erz1U0/getUpdates "HTTP/1.1 200 OK"
2025-04-13 21:37:17,616 - httpx - INFO - HTTP Request: POST https://api.telegram.org/bot8150312341:AAGUUmmVqFkszQdPejSNnC-3wqgN_erz1U0/getUpdates "HTTP/1.1 200 OK"
2025-04-13 21:37:28,092 - httpx - INFO - HTTP Request: POST https://api.telegram.org/bot8150312341:AAGUUmmVqFkszQdPejSNnC-3wqgN_erz1U0/getUpdates "HTTP/1.1 200 OK"
2025-04-13 21:37:38,236 - httpx - INFO - HTTP Request: POST https://api.telegram.org/bot8150312341:AAGUUmmVqFkszQdPejSNnC-3wqgN_erz1U0/getUpdates "HTTP/1.1 200 OK"
2025-04-13 21:37:48,372 - httpx - INFO - HTTP Request: POST https://api.telegram.org/bot8150312341:AAGUUmmVqFkszQdPejSNnC-3wqgN_erz1U0/getUpdates "HTTP/1.1 200 OK"
2025-04-13 21:37:58,611 - httpx - INFO - HTTP Request: POST https://api.telegram.org/bot8150312341:AAGUUmmVqFkszQdPejSNnC-3wqgN_erz1U0/getUpdates "HTTP/1.1 200 OK"
2025-04-13 21:38:08,852 - httpx - INFO - HTTP Request: POST https://api.telegram.org/bot8150312341:AAGUUmmVqFkszQdPejSNnC-3wqgN_erz1U0/getUpdates "HTTP/1.1 200 OK"
2025-04-13 21:38:19,003 - httpx - INFO - HTTP Request: POST https://api.telegram.org/bot8150312341:AAGUUmmVqFkszQdPejSNnC-3wqgN_erz1U0/getUpdates "HTTP/1.1 200 OK"
2025-04-13 21:38:29,329 - httpx - INFO - HTTP Request: POST https://api.telegram.org/bot8150312341:AAGUUmmVqFkszQdPejSNnC-3wqgN_erz1U0/getUpdates "HTTP/1.1 200 OK"
2025-04-13 21:38:39,462 - httpx - INFO - HTTP Request: POST https://api.telegram.org/bot8150312341:AAGUUmmVqFkszQdPejSNnC-3wqgN_erz1U0/getUpdates "HTTP/1.1 200 OK"
2025-04-13 21:38:49,609 - httpx - INFO - HTTP Request: POST https://api.telegram.org/bot8150312341:AAGUUmmVqFkszQdPejSNnC-3wqgN_erz1U0/getUpdates "HTTP/1.1 200 OK"
2025-04-13 21:38:59,740 - httpx - INFO - HTTP Request: POST https://api.telegram.org/bot8150312341:AAGUUmmVqFkszQdPejSNnC-3wqgN_erz1U0/getUpdates "HTTP/1.1 200 OK"
2025-04-13 21:39:09,883 - httpx - INFO - HTTP Request: POST https://api.telegram.org/bot8150312341:AAGUUmmVqFkszQdPejSNnC-3wqgN_erz1U0/getUpdates "HTTP/1.1 200 OK"
2025-04-13 21:39:20,528 - httpx - INFO - HTTP Request: POST https://api.telegram.org/bot8150312341:AAGUUmmVqFkszQdPejSNnC-3wqgN_erz1U0/getUpdates "HTTP/1.1 200 OK"
2025-04-13 21:39:30,773 - httpx - INFO - HTTP Request: POST https://api.telegram.org/bot8150312341:AAGUUmmVqFkszQdPejSNnC-3wqgN_erz1U0/getUpdates "HTTP/1.1 200 OK"
2025-04-13 21:39:41,010 - httpx - INFO - HTTP Request: POST https://api.telegram.org/bot8150312341:AAGUUmmVqFkszQdPejSNnC-3wqgN_erz1U0/getUpdates "HTTP/1.1 200 OK"
2025-04-13 21:39:51,248 - httpx - INFO - HTTP Request: POST https://api.telegram.org/bot8150312341:AAGUUmmVqFkszQdPejSNnC-3wqgN_erz1U0/getUpdates "HTTP/1.1 200 OK"
2025-04-13 21:40:01,372 - httpx - INFO - HTTP Request: POST https://api.telegram.org/bot8150312341:AAGUUmmVqFkszQdPejSNnC-3wqgN_erz1U0/getUpdates "HTTP/1.1 200 OK"
2025-04-13 21:40:11,526 - httpx - INFO - HTTP Request: POST https://api.telegram.org/bot8150312341:AAGUUmmVqFkszQdPejSNnC-3wqgN_erz1U0/getUpdates "HTTP/1.1 200 OK"
2025-04-13 21:40:21,674 - httpx - INFO - HTTP Request: POST https://api.telegram.org/bot8150312341:AAGUUmmVqFkszQdPejSNnC-3wqgN_erz1U0/getUpdates "HTTP/1.1 200 OK"
2025-04-13 21:40:31,808 - httpx - INFO - HTTP Request: POST https://api.telegram.org/bot8150312341:AAGUUmmVqFkszQdPejSNnC-3wqgN_erz1U0/getUpdates "HTTP/1.1 200 OK"
2025-04-13 21:40:41,939 - httpx - INFO - HTTP Request: POST https://api.telegram.org/bot8150312341:AAGUUmmVqFkszQdPejSNnC-3wqgN_erz1U0/getUpdates "HTTP/1.1 200 OK"
2025-04-13 21:40:52,268 - httpx - INFO - HTTP Request: POST https://api.telegram.org/bot8150312341:AAGUUmmVqFkszQdPejSNnC-3wqgN_erz1U0/getUpdates "HTTP/1.1 200 OK"
2025-04-13 21:41:02,405 - httpx - INFO - HTTP Request: POST https://api.telegram.org/bot8150312341:AAGUUmmVqFkszQdPejSNnC-3wqgN_erz1U0/getUpdates "HTTP/1.1 200 OK"
2025-04-13 21:41:12,529 - httpx - INFO - HTTP Request: POST https://api.telegram.org/bot8150312341:AAGUUmmVqFkszQdPejSNnC-3wqgN_erz1U0/getUpdates "HTTP/1.1 200 OK"
2025-04-13 21:41:22,796 - httpx - INFO - HTTP Request: POST https://api.telegram.org/bot8150312341:AAGUUmmVqFkszQdPejSNnC-3wqgN_erz1U0/getUpdates "HTTP/1.1 200 OK"
2025-04-13 21:41:32,997 - httpx - INFO - HTTP Request: POST https://api.telegram.org/bot8150312341:AAGUUmmVqFkszQdPejSNnC-3wqgN_erz1U0/getUpdates "HTTP/1.1 200 OK"
2025-04-13 21:41:43,275 - httpx - INFO - HTTP Request: POST https://api.telegram.org/bot8150312341:AAGUUmmVqFkszQdPejSNnC-3wqgN_erz1U0/getUpdates "HTTP/1.1 200 OK"
2025-04-13 21:41:53,519 - httpx - INFO - HTTP Request: POST https://api.telegram.org/bot8150312341:AAGUUmmVqFkszQdPejSNnC-3wqgN_erz1U0/getUpdates "HTTP/1.1 200 OK"
2025-04-13 21:42:03,730 - httpx - INFO - HTTP Request: POST https://api.telegram.org/bot8150312341:AAGUUmmVqFkszQdPejSNnC-3wqgN_erz1U0/getUpdates "HTTP/1.1 200 OK"
2025-04-13 21:42:13,855 - httpx - INFO - HTTP Request: POST https://api.telegram.org/bot8150312341:AAGUUmmVqFkszQdPejSNnC-3wqgN_erz1U0/getUpdates "HTTP/1.1 200 OK"
2025-04-13 21:42:23,990 - httpx - INFO - HTTP Request: POST https://api.telegram.org/bot8150312341:AAGUUmmVqFkszQdPejSNnC-3wqgN_erz1U0/getUpdates "HTTP/1.1 200 OK"
2025-04-13 21:42:34,483 - httpx - INFO - HTTP Request: POST https://api.telegram.org/bot8150312341:AAGUUmmVqFkszQdPejSNnC-3wqgN_erz1U0/getUpdates "HTTP/1.1 200 OK"
2025-04-13 21:42:44,839 - httpx - INFO - HTTP Request: POST https://api.telegram.org/bot8150312341:AAGUUmmVqFkszQdPejSNnC-3wqgN_erz1U0/getUpdates "HTTP/1.1 200 OK"
2025-04-13 21:42:55,363 - httpx - INFO - HTTP Request: POST https://api.telegram.org/bot8150312341:AAGUUmmVqFkszQdPejSNnC-3wqgN_erz1U0/getUpdates "HTTP/1.1 200 OK"
2025-04-13 21:43:05,474 - httpx - INFO - HTTP Request: POST https://api.telegram.org/bot8150312341:AAGUUmmVqFkszQdPejSNnC-3wqgN_erz1U0/getUpdates "HTTP/1.1 200 OK"
2025-04-13 21:43:15,657 - httpx - INFO - HTTP Request: POST https://api.telegram.org/bot8150312341:AAGUUmmVqFkszQdPejSNnC-3wqgN_erz1U0/getUpdates "HTTP/1.1 200 OK"
2025-04-13 21:43:25,778 - httpx - INFO - HTTP Request: POST https://api.telegram.org/bot8150312341:AAGUUmmVqFkszQdPejSNnC-3wqgN_erz1U0/getUpdates "HTTP/1.1 200 OK"
2025-04-13 21:43:36,307 - httpx - INFO - HTTP Request: POST https://api.telegram.org/bot8150312341:AAGUUmmVqFkszQdPejSNnC-3wqgN_erz1U0/getUpdates "HTTP/1.1 200 OK"
2025-04-13 21:43:46,438 - httpx - INFO - HTTP Request: POST https://api.telegram.org/bot8150312341:AAGUUmmVqFkszQdPejSNnC-3wqgN_erz1U0/getUpdates "HTTP/1.1 200 OK"
2025-04-13 21:43:56,570 - httpx - INFO - HTTP Request: POST https://api.telegram.org/bot8150312341:AAGUUmmVqFkszQdPejSNnC-3wqgN_erz1U0/getUpdates "HTTP/1.1 200 OK"
2025-04-13 21:44:06,694 - httpx - INFO - HTTP Request: POST https://api.telegram.org/bot8150312341:AAGUUmmVqFkszQdPejSNnC-3wqgN_erz1U0/getUpdates "HTTP/1.1 200 OK"
2025-04-13 21:44:16,887 - httpx - INFO - HTTP Request: POST https://api.telegram.org/bot8150312341:AAGUUmmVqFkszQdPejSNnC-3wqgN_erz1U0/getUpdates "HTTP/1.1 200 OK"
2025-04-13 21:44:27,128 - httpx - INFO - HTTP Request: POST https://api.telegram.org/bot8150312341:AAGUUmmVqFkszQdPejSNnC-3wqgN_erz1U0/getUpdates "HTTP/1.1 200 OK"
2025-04-13 21:44:37,257 - httpx - INFO - HTTP Request: POST https://api.telegram.org/bot8150312341:AAGUUmmVqFkszQdPejSNnC-3wqgN_erz1U0/getUpdates "HTTP/1.1 200 OK"
2025-04-13 21:44:47,414 - httpx - INFO - HTTP Request: POST https://api.telegram.org/bot8150312341:AAGUUmmVqFkszQdPejSNnC-3wqgN_erz1U0/getUpdates "HTTP/1.1 200 OK"
2025-04-13 21:44:57,541 - httpx - INFO - HTTP Request: POST https://api.telegram.org/bot8150312341:AAGUUmmVqFkszQdPejSNnC-3wqgN_erz1U0/getUpdates "HTTP/1.1 200 OK"
2025-04-13 21:45:07,743 - httpx - INFO - HTTP Request: POST https://api.telegram.org/bot8150312341:AAGUUmmVqFkszQdPejSNnC-3wqgN_erz1U0/getUpdates "HTTP/1.1 200 OK"
2025-04-13 21:45:18,210 - httpx - INFO - HTTP Request: POST https://api.telegram.org/bot8150312341:AAGUUmmVqFkszQdPejSNnC-3wqgN_erz1U0/getUpdates "HTTP/1.1 200 OK"
2025-04-13 21:45:28,362 - httpx - INFO - HTTP Request: POST https://api.telegram.org/bot8150312341:AAGUUmmVqFkszQdPejSNnC-3wqgN_erz1U0/getUpdates "HTTP/1.1 200 OK"
2025-04-13 21:45:38,479 - httpx - INFO - HTTP Request: POST https://api.telegram.org/bot8150312341:AAGUUmmVqFkszQdPejSNnC-3wqgN_erz1U0/getUpdates "HTTP/1.1 200 OK"
2025-04-13 21:45:48,604 - httpx - INFO - HTTP Request: POST https://api.telegram.org/bot8150312341:AAGUUmmVqFkszQdPejSNnC-3wqgN_erz1U0/getUpdates "HTTP/1.1 200 OK"
2025-04-13 21:45:58,880 - httpx - INFO - HTTP Request: POST https://api.telegram.org/bot8150312341:AAGUUmmVqFkszQdPejSNnC-3wqgN_erz1U0/getUpdates "HTTP/1.1 200 OK"
2025-04-13 21:46:09,270 - httpx - INFO - HTTP Request: POST https://api.telegram.org/bot8150312341:AAGUUmmVqFkszQdPejSNnC-3wqgN_erz1U0/getUpdates "HTTP/1.1 200 OK"
2025-04-13 21:46:19,552 - httpx - INFO - HTTP Request: POST https://api.telegram.org/bot8150312341:AAGUUmmVqFkszQdPejSNnC-3wqgN_erz1U0/getUpdates "HTTP/1.1 200 OK"
2025-04-13 21:46:29,677 - httpx - INFO - HTTP Request: POST https://api.telegram.org/bot8150312341:AAGUUmmVqFkszQdPejSNnC-3wqgN_erz1U0/getUpdates "HTTP/1.1 200 OK"
2025-04-13 21:46:39,802 - httpx - INFO - HTTP Request: POST https://api.telegram.org/bot8150312341:AAGUUmmVqFkszQdPejSNnC-3wqgN_erz1U0/getUpdates "HTTP/1.1 200 OK"
2025-04-13 21:46:49,931 - httpx - INFO - HTTP Request: POST https://api.telegram.org/bot8150312341:AAGUUmmVqFkszQdPejSNnC-3wqgN_erz1U0/getUpdates "HTTP/1.1 200 OK"
2025-04-13 21:47:00,114 - httpx - INFO - HTTP Request: POST https://api.telegram.org/bot8150312341:AAGUUmmVqFkszQdPejSNnC-3wqgN_erz1U0/getUpdates "HTTP/1.1 200 OK"
2025-04-13 21:47:10,268 - httpx - INFO - HTTP Request: POST https://api.telegram.org/bot8150312341:AAGUUmmVqFkszQdPejSNnC-3wqgN_erz1U0/getUpdates "HTTP/1.1 200 OK"
2025-04-13 21:47:20,386 - httpx - INFO - HTTP Request: POST https://api.telegram.org/bot8150312341:AAGUUmmVqFkszQdPejSNnC-3wqgN_erz1U0/getUpdates "HTTP/1.1 200 OK"
2025-04-13 21:47:30,628 - httpx - INFO - HTTP Request: POST https://api.telegram.org/bot8150312341:AAGUUmmVqFkszQdPejSNnC-3wqgN_erz1U0/getUpdates "HTTP/1.1 200 OK"
2025-04-13 21:47:40,792 - httpx - INFO - HTTP Request: POST https://api.telegram.org/bot8150312341:AAGUUmmVqFkszQdPejSNnC-3wqgN_erz1U0/getUpdates "HTTP/1.1 200 OK"
2025-04-13 21:47:50,925 - httpx - INFO - HTTP Request: POST https://api.telegram.org/bot8150312341:AAGUUmmVqFkszQdPejSNnC-3wqgN_erz1U0/getUpdates "HTTP/1.1 200 OK"
2025-04-13 21:48:01,149 - httpx - INFO - HTTP Request: POST https://api.telegram.org/bot8150312341:AAGUUmmVqFkszQdPejSNnC-3wqgN_erz1U0/getUpdates "HTTP/1.1 200 OK"
2025-04-13 21:48:11,297 - httpx - INFO - HTTP Request: POST https://api.telegram.org/bot8150312341:AAGUUmmVqFkszQdPejSNnC-3wqgN_erz1U0/getUpdates "HTTP/1.1 200 OK"
2025-04-13 21:48:21,459 - httpx - INFO - HTTP Request: POST https://api.telegram.org/bot8150312341:AAGUUmmVqFkszQdPejSNnC-3wqgN_erz1U0/getUpdates "HTTP/1.1 200 OK"
2025-04-13 21:48:31,657 - httpx - INFO - HTTP Request: POST https://api.telegram.org/bot8150312341:AAGUUmmVqFkszQdPejSNnC-3wqgN_erz1U0/getUpdates "HTTP/1.1 200 OK"
2025-04-13 21:48:41,787 - httpx - INFO - HTTP Request: POST https://api.telegram.org/bot8150312341:AAGUUmmVqFkszQdPejSNnC-3wqgN_erz1U0/getUpdates "HTTP/1.1 200 OK"
2025-04-13 21:48:51,934 - httpx - INFO - HTTP Request: POST https://api.telegram.org/bot8150312341:AAGUUmmVqFkszQdPejSNnC-3wqgN_erz1U0/getUpdates "HTTP/1.1 200 OK"
2025-04-13 21:49:02,177 - httpx - INFO - HTTP Request: POST https://api.telegram.org/bot8150312341:AAGUUmmVqFkszQdPejSNnC-3wqgN_erz1U0/getUpdates "HTTP/1.1 200 OK"
2025-04-13 21:49:12,312 - httpx - INFO - HTTP Request: POST https://api.telegram.org/bot8150312341:AAGUUmmVqFkszQdPejSNnC-3wqgN_erz1U0/getUpdates "HTTP/1.1 200 OK"
2025-04-13 21:49:22,450 - httpx - INFO - HTTP Request: POST https://api.telegram.org/bot8150312341:AAGUUmmVqFkszQdPejSNnC-3wqgN_erz1U0/getUpdates "HTTP/1.1 200 OK"
2025-04-13 21:49:32,693 - httpx - INFO - HTTP Request: POST https://api.telegram.org/bot8150312341:AAGUUmmVqFkszQdPejSNnC-3wqgN_erz1U0/getUpdates "HTTP/1.1 200 OK"
2025-04-13 21:49:42,822 - httpx - INFO - HTTP Request: POST https://api.telegram.org/bot8150312341:AAGUUmmVqFkszQdPejSNnC-3wqgN_erz1U0/getUpdates "HTTP/1.1 200 OK"
2025-04-13 21:49:52,963 - httpx - INFO - HTTP Request: POST https://api.telegram.org/bot8150312341:AAGUUmmVqFkszQdPejSNnC-3wqgN_erz1U0/getUpdates "HTTP/1.1 200 OK"
2025-04-13 21:50:03,203 - httpx - INFO - HTTP Request: POST https://api.telegram.org/bot8150312341:AAGUUmmVqFkszQdPejSNnC-3wqgN_erz1U0/getUpdates "HTTP/1.1 200 OK"
2025-04-13 21:50:13,330 - httpx - INFO - HTTP Request: POST https://api.telegram.org/bot8150312341:AAGUUmmVqFkszQdPejSNnC-3wqgN_erz1U0/getUpdates "HTTP/1.1 200 OK"
2025-04-13 21:50:23,447 - httpx - INFO - HTTP Request: POST https://api.telegram.org/bot8150312341:AAGUUmmVqFkszQdPejSNnC-3wqgN_erz1U0/getUpdates "HTTP/1.1 200 OK"
2025-04-13 21:50:33,597 - httpx - INFO - HTTP Request: POST https://api.telegram.org/bot8150312341:AAGUUmmVqFkszQdPejSNnC-3wqgN_erz1U0/getUpdates "HTTP/1.1 200 OK"
2025-04-13 21:50:43,720 - httpx - INFO - HTTP Request: POST https://api.telegram.org/bot8150312341:AAGUUmmVqFkszQdPejSNnC-3wqgN_erz1U0/getUpdates "HTTP/1.1 200 OK"
2025-04-13 21:50:53,869 - httpx - INFO - HTTP Request: POST https://api.telegram.org/bot8150312341:AAGUUmmVqFkszQdPejSNnC-3wqgN_erz1U0/getUpdates "HTTP/1.1 200 OK"
2025-04-13 21:51:04,052 - httpx - INFO - HTTP Request: POST https://api.telegram.org/bot8150312341:AAGUUmmVqFkszQdPejSNnC-3wqgN_erz1U0/getUpdates "HTTP/1.1 200 OK"
2025-04-13 21:51:14,219 - httpx - INFO - HTTP Request: POST https://api.telegram.org/bot8150312341:AAGUUmmVqFkszQdPejSNnC-3wqgN_erz1U0/getUpdates "HTTP/1.1 200 OK"
2025-04-13 21:51:24,382 - httpx - INFO - HTTP Request: POST https://api.telegram.org/bot8150312341:AAGUUmmVqFkszQdPejSNnC-3wqgN_erz1U0/getUpdates "HTTP/1.1 200 OK"
2025-04-13 21:51:34,621 - httpx - INFO - HTTP Request: POST https://api.telegram.org/bot8150312341:AAGUUmmVqFkszQdPejSNnC-3wqgN_erz1U0/getUpdates "HTTP/1.1 200 OK"
2025-04-13 21:51:44,745 - httpx - INFO - HTTP Request: POST https://api.telegram.org/bot8150312341:AAGUUmmVqFkszQdPejSNnC-3wqgN_erz1U0/getUpdates "HTTP/1.1 200 OK"
2025-04-13 21:51:54,871 - httpx - INFO - HTTP Request: POST https://api.telegram.org/bot8150312341:AAGUUmmVqFkszQdPejSNnC-3wqgN_erz1U0/getUpdates "HTTP/1.1 200 OK"
2025-04-13 21:52:05,060 - httpx - INFO - HTTP Request: POST https://api.telegram.org/bot8150312341:AAGUUmmVqFkszQdPejSNnC-3wqgN_erz1U0/getUpdates "HTTP/1.1 200 OK"
2025-04-13 21:52:15,187 - httpx - INFO - HTTP Request: POST https://api.telegram.org/bot8150312341:AAGUUmmVqFkszQdPejSNnC-3wqgN_erz1U0/getUpdates "HTTP/1.1 200 OK"
2025-04-13 21:52:25,335 - httpx - INFO - HTTP Request: POST https://api.telegram.org/bot8150312341:AAGUUmmVqFkszQdPejSNnC-3wqgN_erz1U0/getUpdates "HTTP/1.1 200 OK"
2025-04-13 21:52:35,457 - httpx - INFO - HTTP Request: POST https://api.telegram.org/bot8150312341:AAGUUmmVqFkszQdPejSNnC-3wqgN_erz1U0/getUpdates "HTTP/1.1 200 OK"
2025-04-13 21:52:45,574 - httpx - INFO - HTTP Request: POST https://api.telegram.org/bot8150312341:AAGUUmmVqFkszQdPejSNnC-3wqgN_erz1U0/getUpdates "HTTP/1.1 200 OK"
2025-04-13 21:52:55,706 - httpx - INFO - HTTP Request: POST https://api.telegram.org/bot8150312341:AAGUUmmVqFkszQdPejSNnC-3wqgN_erz1U0/getUpdates "HTTP/1.1 200 OK"
2025-04-13 21:53:05,851 - httpx - INFO - HTTP Request: POST https://api.telegram.org/bot8150312341:AAGUUmmVqFkszQdPejSNnC-3wqgN_erz1U0/getUpdates "HTTP/1.1 200 OK"
2025-04-13 21:53:15,972 - httpx - INFO - HTTP Request: POST https://api.telegram.org/bot8150312341:AAGUUmmVqFkszQdPejSNnC-3wqgN_erz1U0/getUpdates "HTTP/1.1 200 OK"
2025-04-13 21:53:26,166 - httpx - INFO - HTTP Request: POST https://api.telegram.org/bot8150312341:AAGUUmmVqFkszQdPejSNnC-3wqgN_erz1U0/getUpdates "HTTP/1.1 200 OK"
2025-04-13 21:53:36,296 - httpx - INFO - HTTP Request: POST https://api.telegram.org/bot8150312341:AAGUUmmVqFkszQdPejSNnC-3wqgN_erz1U0/getUpdates "HTTP/1.1 200 OK"
2025-04-13 21:53:46,424 - httpx - INFO - HTTP Request: POST https://api.telegram.org/bot8150312341:AAGUUmmVqFkszQdPejSNnC-3wqgN_erz1U0/getUpdates "HTTP/1.1 200 OK"
2025-04-13 21:53:56,554 - httpx - INFO - HTTP Request: POST https://api.telegram.org/bot8150312341:AAGUUmmVqFkszQdPejSNnC-3wqgN_erz1U0/getUpdates "HTTP/1.1 200 OK"
2025-04-13 21:54:06,678 - httpx - INFO - HTTP Request: POST https://api.telegram.org/bot8150312341:AAGUUmmVqFkszQdPejSNnC-3wqgN_erz1U0/getUpdates "HTTP/1.1 200 OK"
2025-04-13 21:54:16,818 - httpx - INFO - HTTP Request: POST https://api.telegram.org/bot8150312341:AAGUUmmVqFkszQdPejSNnC-3wqgN_erz1U0/getUpdates "HTTP/1.1 200 OK"
2025-04-13 21:54:27,107 - httpx - INFO - HTTP Request: POST https://api.telegram.org/bot8150312341:AAGUUmmVqFkszQdPejSNnC-3wqgN_erz1U0/getUpdates "HTTP/1.1 200 OK"
2025-04-13 21:54:37,471 - httpx - INFO - HTTP Request: POST https://api.telegram.org/bot8150312341:AAGUUmmVqFkszQdPejSNnC-3wqgN_erz1U0/getUpdates "HTTP/1.1 200 OK"
2025-04-13 21:54:47,616 - httpx - INFO - HTTP Request: POST https://api.telegram.org/bot8150312341:AAGUUmmVqFkszQdPejSNnC-3wqgN_erz1U0/getUpdates "HTTP/1.1 200 OK"
2025-04-13 21:54:57,843 - httpx - INFO - HTTP Request: POST https://api.telegram.org/bot8150312341:AAGUUmmVqFkszQdPejSNnC-3wqgN_erz1U0/getUpdates "HTTP/1.1 200 OK"
2025-04-13 21:55:08,156 - httpx - INFO - HTTP Request: POST https://api.telegram.org/bot8150312341:AAGUUmmVqFkszQdPejSNnC-3wqgN_erz1U0/getUpdates "HTTP/1.1 200 OK"
2025-04-13 21:55:18,292 - httpx - INFO - HTTP Request: POST https://api.telegram.org/bot8150312341:AAGUUmmVqFkszQdPejSNnC-3wqgN_erz1U0/getUpdates "HTTP/1.1 200 OK"
2025-04-13 21:55:28,429 - httpx - INFO - HTTP Request: POST https://api.telegram.org/bot8150312341:AAGUUmmVqFkszQdPejSNnC-3wqgN_erz1U0/getUpdates "HTTP/1.1 200 OK"
2025-04-13 21:55:38,829 - httpx - INFO - HTTP Request: POST https://api.telegram.org/bot8150312341:AAGUUmmVqFkszQdPejSNnC-3wqgN_erz1U0/getUpdates "HTTP/1.1 200 OK"
2025-04-13 21:55:48,957 - httpx - INFO - HTTP Request: POST https://api.telegram.org/bot8150312341:AAGUUmmVqFkszQdPejSNnC-3wqgN_erz1U0/getUpdates "HTTP/1.1 200 OK"
2025-04-13 21:55:59,270 - httpx - INFO - HTTP Request: POST https://api.telegram.org/bot8150312341:AAGUUmmVqFkszQdPejSNnC-3wqgN_erz1U0/getUpdates "HTTP/1.1 200 OK"
2025-04-13 21:56:09,398 - httpx - INFO - HTTP Request: POST https://api.telegram.org/bot8150312341:AAGUUmmVqFkszQdPejSNnC-3wqgN_erz1U0/getUpdates "HTTP/1.1 200 OK"
2025-04-13 21:56:19,835 - httpx - INFO - HTTP Request: POST https://api.telegram.org/bot8150312341:AAGUUmmVqFkszQdPejSNnC-3wqgN_erz1U0/getUpdates "HTTP/1.1 200 OK"
